<?xml version="1.0" encoding="UTF-8"?>
<testsuite xmlns:xsi="http://www.w3.org/2001/XMLSchema-instance" xsi:noNamespaceSchemaLocation="https://maven.apache.org/surefire/maven-surefire-plugin/xsd/surefire-test-report-3.0.xsd" version="3.0" name="org.apache.commons.cli.PosixParserTest" time="0.142" tests="70" errors="0" skipped="10" failures="0">
  <properties>
    <property name="java.specification.version" value="17"/>
    <property name="sun.jnu.encoding" value="UTF-8"/>
    <property name="java.class.path" value="/mnt/c/Users/fujiwara yuma/evaluation/Ekstazi/commonsCLI/workingDir/target/test-classes:/mnt/c/Users/fujiwara yuma/evaluation/Ekstazi/commonsCLI/workingDir/target/classes:/home/ym-fujwr/.m2/repository/org/junit/jupiter/junit-jupiter-api/5.10.0/junit-jupiter-api-5.10.0.jar:/home/ym-fujwr/.m2/repository/org/opentest4j/opentest4j/1.3.0/opentest4j-1.3.0.jar:/home/ym-fujwr/.m2/repository/org/junit/platform/junit-platform-commons/1.10.0/junit-platform-commons-1.10.0.jar:/home/ym-fujwr/.m2/repository/org/apiguardian/apiguardian-api/1.1.2/apiguardian-api-1.1.2.jar:/home/ym-fujwr/.m2/repository/org/junit/vintage/junit-vintage-engine/5.10.0/junit-vintage-engine-5.10.0.jar:/home/ym-fujwr/.m2/repository/org/junit/platform/junit-platform-engine/1.10.0/junit-platform-engine-1.10.0.jar:/home/ym-fujwr/.m2/repository/junit/junit/4.13.2/junit-4.13.2.jar:/home/ym-fujwr/.m2/repository/org/hamcrest/hamcrest-core/1.3/hamcrest-core-1.3.jar:"/>
    <property name="java.vm.vendor" value="Debian"/>
    <property name="sun.arch.data.model" value="64"/>
    <property name="java.vendor.url" value="https://tracker.debian.org/openjdk-17"/>
    <property name="os.name" value="Linux"/>
    <property name="java.vm.specification.version" value="17"/>
    <property name="rat.skip" value="true"/>
    <property name="sun.java.launcher" value="SUN_STANDARD"/>
    <property name="user.country" value="US"/>
    <property name="sun.boot.library.path" value="/usr/lib/jvm/java-17-openjdk-amd64/lib"/>
    <property name="sun.java.command" value="/mnt/c/Users/fujiwara yuma/evaluation/Ekstazi/commonsCLI/workingDir/target/surefire/surefirebooter-20231220143702202_3.jar /mnt/c/Users/fujiwara yuma/evaluation/Ekstazi/commonsCLI/workingDir/target/surefire 2023-12-20T14-37-02_095-jvmRun1 surefire-20231220143702202_1tmp surefire_0-20231220143702202_2tmp"/>
    <property name="jdk.debug" value="release"/>
    <property name="surefire.test.class.path" value="/mnt/c/Users/fujiwara yuma/evaluation/Ekstazi/commonsCLI/workingDir/target/test-classes:/mnt/c/Users/fujiwara yuma/evaluation/Ekstazi/commonsCLI/workingDir/target/classes:/home/ym-fujwr/.m2/repository/org/junit/jupiter/junit-jupiter-api/5.10.0/junit-jupiter-api-5.10.0.jar:/home/ym-fujwr/.m2/repository/org/opentest4j/opentest4j/1.3.0/opentest4j-1.3.0.jar:/home/ym-fujwr/.m2/repository/org/junit/platform/junit-platform-commons/1.10.0/junit-platform-commons-1.10.0.jar:/home/ym-fujwr/.m2/repository/org/apiguardian/apiguardian-api/1.1.2/apiguardian-api-1.1.2.jar:/home/ym-fujwr/.m2/repository/org/junit/vintage/junit-vintage-engine/5.10.0/junit-vintage-engine-5.10.0.jar:/home/ym-fujwr/.m2/repository/org/junit/platform/junit-platform-engine/1.10.0/junit-platform-engine-1.10.0.jar:/home/ym-fujwr/.m2/repository/junit/junit/4.13.2/junit-4.13.2.jar:/home/ym-fujwr/.m2/repository/org/hamcrest/hamcrest-core/1.3/hamcrest-core-1.3.jar:"/>
    <property name="sun.cpu.endian" value="little"/>
    <property name="user.home" value="/home/ym-fujwr"/>
    <property name="user.language" value="en"/>
    <property name="java.specification.vendor" value="Oracle Corporation"/>
    <property name="java.version.date" value="2023-01-17"/>
    <property name="java.home" value="/usr/lib/jvm/java-17-openjdk-amd64"/>
    <property name="file.separator" value="/"/>
    <property name="basedir" value="/mnt/c/Users/fujiwara yuma/evaluation/Ekstazi/commonsCLI/workingDir"/>
    <property name="java.vm.compressedOopsMode" value="Zero based"/>
    <property name="line.separator" value="&#10;"/>
    <property name="java.vm.specification.vendor" value="Oracle Corporation"/>
    <property name="java.specification.name" value="Java Platform API Specification"/>
    <property name="surefire.real.class.path" value="/mnt/c/Users/fujiwara yuma/evaluation/Ekstazi/commonsCLI/workingDir/target/surefire/surefirebooter-20231220143702202_3.jar"/>
    <property name="sun.management.compiler" value="HotSpot 64-Bit Tiered Compilers"/>
    <property name="java.runtime.version" value="17.0.6+10-Debian-1"/>
    <property name="user.name" value="ym-fujwr"/>
    <property name="path.separator" value=":"/>
    <property name="os.version" value="4.4.0-19041-Microsoft"/>
    <property name="java.runtime.name" value="OpenJDK Runtime Environment"/>
    <property name="file.encoding" value="UTF-8"/>
    <property name="java.vm.name" value="OpenJDK 64-Bit Server VM"/>
    <property name="localRepository" value="/home/ym-fujwr/.m2/repository"/>
    <property name="java.vendor.url.bug" value="https://bugs.debian.org/openjdk-17"/>
    <property name="java.io.tmpdir" value="/tmp"/>
    <property name="java.version" value="17.0.6"/>
    <property name="user.dir" value="/mnt/c/Users/fujiwara yuma/evaluation/Ekstazi/commonsCLI/workingDir"/>
    <property name="os.arch" value="amd64"/>
    <property name="java.vm.specification.name" value="Java Virtual Machine Specification"/>
    <property name="native.encoding" value="UTF-8"/>
    <property name="java.library.path" value="/usr/java/packages/lib:/usr/lib/x86_64-linux-gnu/jni:/lib/x86_64-linux-gnu:/usr/lib/x86_64-linux-gnu:/usr/lib/jni:/lib:/usr/lib"/>
    <property name="java.vm.info" value="mixed mode, sharing"/>
    <property name="java.vendor" value="Debian"/>
    <property name="java.vm.version" value="17.0.6+10-Debian-1"/>
    <property name="sun.io.unicode.encoding" value="UnicodeLittle"/>
    <property name="java.class.version" value="61.0"/>
  </properties>
  <testcase name="" classname="org.apache.commons.cli.HelpFormatterTest" time="0.001"/>
  <testcase name="" classname="org.apache.commons.cli.OptionBuilderTest" time="0.0"/>
  <testcase name="" classname="org.apache.commons.cli.OptionGroupTest" time="0.0"/>
  <testcase name="" classname="org.apache.commons.cli.OptionsTest" time="0.0"/>
  <testcase name="" classname="org.apache.commons.cli.OptionTest" time="0.0"/>
  <testcase name="" classname="org.apache.commons.cli.PatternOptionBuilderTest" time="0.0"/>
  <testcase name="testAmbiguousLongWithoutEqualSingleDash" classname="org.apache.commons.cli.PosixParserTest" time="0.0">
    <skipped message="not supported by the PosixParser"/>
  </testcase>
  <testcase name="testLongWithoutEqualSingleDash" classname="org.apache.commons.cli.PosixParserTest" time="0.0">
    <skipped message="not supported by the PosixParser"/>
  </testcase>
  <testcase name="testAmbiguousPartialLongOption4" classname="org.apache.commons.cli.PosixParserTest" time="0.0">
    <skipped message="not supported by the PosixParser"/>
  </testcase>
  <testcase name="testShortWithEqual" classname="org.apache.commons.cli.PosixParserTest" time="0.0">
    <skipped message="not supported by the PosixParser"/>
  </testcase>
  <testcase name="testNegativeOption" classname="org.apache.commons.cli.PosixParserTest" time="0.0">
    <skipped message="not supported by the PosixParser (CLI-184)"/>
  </testcase>
  <testcase name="testLongWithUnexpectedArgument1" classname="org.apache.commons.cli.PosixParserTest" time="0.0">
    <skipped message="not supported by the PosixParser"/>
  </testcase>
  <testcase name="testLongWithEqualSingleDash" classname="org.apache.commons.cli.PosixParserTest" time="0.0">
    <skipped message="not supported by the PosixParser"/>
  </testcase>
  <testcase name="testUnambiguousPartialLongOption4" classname="org.apache.commons.cli.PosixParserTest" time="0.0">
    <skipped message="not supported by the PosixParser"/>
  </testcase>
  <testcase name="testDoubleDash2" classname="org.apache.commons.cli.PosixParserTest" time="0.0">
    <skipped message="not supported by the PosixParser"/>
  </testcase>
  <testcase name="testAmbiguousLongWithoutEqualSingleDash2" classname="org.apache.commons.cli.PosixParserTest" time="0.0">
    <skipped message="not supported by the PosixParser"/>
  </testcase>
  <testcase name="testSimpleLong" classname="org.apache.commons.cli.PosixParserTest" time="0.012"/>
  <testcase name="testSimpleShort" classname="org.apache.commons.cli.PosixParserTest" time="0.001"/>
  <testcase name="testLongOptionQuoteHandling" classname="org.apache.commons.cli.PosixParserTest" time="0.0"/>
  <testcase name="testStopBursting2" classname="org.apache.commons.cli.PosixParserTest" time="0.0"/>
  <testcase name="testMissingRequiredOption" classname="org.apache.commons.cli.PosixParserTest" time="0.002"/>
  <testcase name="testShortWithoutEqual" classname="org.apache.commons.cli.PosixParserTest" time="0.001"/>
  <testcase name="testReuseOptionsTwice" classname="org.apache.commons.cli.PosixParserTest" time="0.0"/>
  <testcase name="testMissingRequiredGroup" classname="org.apache.commons.cli.PosixParserTest" time="0.001"/>
  <testcase name="testOptionGroupLong" classname="org.apache.commons.cli.PosixParserTest" time="0.011"/>
  <testcase name="testLongOptionWithEqualsQuoteHandling" classname="org.apache.commons.cli.PosixParserTest" time="0.0"/>
  <testcase name="testMissingArgWithBursting" classname="org.apache.commons.cli.PosixParserTest" time="0.001"/>
  <testcase name="testMissingRequiredOptions" classname="org.apache.commons.cli.PosixParserTest" time="0.0"/>
  <testcase name="testShortWithUnexpectedArgument" classname="org.apache.commons.cli.PosixParserTest" time="0.001"/>
  <testcase name="testPropertyOverrideValues" classname="org.apache.commons.cli.PosixParserTest" time="0.0"/>
  <testcase name="testStopAtNonOptionLong" classname="org.apache.commons.cli.PosixParserTest" time="0.0"/>
  <testcase name="testNegativeArgument" classname="org.apache.commons.cli.PosixParserTest" time="0.003"/>
  <testcase name="testStopBursting" classname="org.apache.commons.cli.PosixParserTest" time="0.0"/>
  <testcase name="testStopAtUnexpectedArg" classname="org.apache.commons.cli.PosixParserTest" time="0.001"/>
  <testcase name="testPartialLongOptionSingleDash" classname="org.apache.commons.cli.PosixParserTest" time="0.0"/>
  <testcase name="testOptionGroup" classname="org.apache.commons.cli.PosixParserTest" time="0.001"/>
  <testcase name="testLongWithoutEqualDoubleDash" classname="org.apache.commons.cli.PosixParserTest" time="0.0"/>
  <testcase name="testPropertyOptionSingularValue" classname="org.apache.commons.cli.PosixParserTest" time="0.001"/>
  <testcase name="testPropertyOptionMultipleValues" classname="org.apache.commons.cli.PosixParserTest" time="0.001"/>
  <testcase name="testMissingArg" classname="org.apache.commons.cli.PosixParserTest" time="0.0"/>
  <testcase name="testPropertyOptionFlags" classname="org.apache.commons.cli.PosixParserTest" time="0.0"/>
  <testcase name="testPropertyOptionGroup" classname="org.apache.commons.cli.PosixParserTest" time="0.0"/>
  <testcase name="testUnrecognizedOptionWithBursting" classname="org.apache.commons.cli.PosixParserTest" time="0.0"/>
  <testcase name="testAmbiguousArgParsing" classname="org.apache.commons.cli.PosixParserTest" time="0.001"/>
  <testcase name="testMultipleWithLong" classname="org.apache.commons.cli.PosixParserTest" time="0.0"/>
  <testcase name="testUnrecognizedOption" classname="org.apache.commons.cli.PosixParserTest" time="0.001"/>
  <testcase name="testBursting" classname="org.apache.commons.cli.PosixParserTest" time="0.0"/>
  <testcase name="testAmbiguousPartialLongOption1" classname="org.apache.commons.cli.PosixParserTest" time="0.002"/>
  <testcase name="testAmbiguousPartialLongOption2" classname="org.apache.commons.cli.PosixParserTest" time="0.001"/>
  <testcase name="testAmbiguousPartialLongOption3" classname="org.apache.commons.cli.PosixParserTest" time="0.001"/>
  <testcase name="testPropertyOptionUnexpected" classname="org.apache.commons.cli.PosixParserTest" time="0.0"/>
  <testcase name="testSingleDash" classname="org.apache.commons.cli.PosixParserTest" time="0.001"/>
  <testcase name="testWithRequiredOption" classname="org.apache.commons.cli.PosixParserTest" time="0.0"/>
  <testcase name="testUnlimitedArgs" classname="org.apache.commons.cli.PosixParserTest" time="0.001"/>
  <testcase name="testPropertyOptionRequired" classname="org.apache.commons.cli.PosixParserTest" time="0.001"/>
  <testcase name="testOptionAndRequiredOption" classname="org.apache.commons.cli.PosixParserTest" time="0.0"/>
  <testcase name="testLongWithEqualDoubleDash" classname="org.apache.commons.cli.PosixParserTest" time="0.0"/>
  <testcase name="testLongWithUnexpectedArgument2" classname="org.apache.commons.cli.PosixParserTest" time="0.0"/>
  <testcase name="testStopAtNonOptionShort" classname="org.apache.commons.cli.PosixParserTest" time="0.0"/>
  <testcase name="testUnambiguousPartialLongOption1" classname="org.apache.commons.cli.PosixParserTest" time="0.0"/>
  <testcase name="testUnambiguousPartialLongOption2" classname="org.apache.commons.cli.PosixParserTest" time="0.001"/>
  <testcase name="testUnambiguousPartialLongOption3" classname="org.apache.commons.cli.PosixParserTest" time="0.0"/>
  <testcase name="testShortOptionConcatenatedQuoteHandling" classname="org.apache.commons.cli.PosixParserTest" time="0.001"/>
  <testcase name="testMultiple" classname="org.apache.commons.cli.PosixParserTest" time="0.0"/>
  <testcase name="testArgumentStartingWithHyphen" classname="org.apache.commons.cli.PosixParserTest" time="0.001"/>
  <testcase name="testPropertiesOption1" classname="org.apache.commons.cli.PosixParserTest" time="0.0"/>
  <testcase name="testPropertiesOption2" classname="org.apache.commons.cli.PosixParserTest" time="0.001"/>
  <testcase name="testDoubleDash1" classname="org.apache.commons.cli.PosixParserTest" time="0.0"/>
  <testcase name="testStopAtExpectedArg" classname="org.apache.commons.cli.PosixParserTest" time="0.001"/>
  <testcase name="testShortOptionQuoteHandling" classname="org.apache.commons.cli.PosixParserTest" time="0.0"/>
</testsuite>