<?xml version="1.0" encoding="UTF-8"?>
<testsuite xmlns:xsi="http://www.w3.org/2001/XMLSchema-instance" xsi:noNamespaceSchemaLocation="https://maven.apache.org/surefire/maven-surefire-plugin/xsd/surefire-test-report-3.0.xsd" version="3.0" name="org.apache.commons.cli.PatternOptionBuilderTest" time="0.075" tests="18" errors="0" skipped="0" failures="0">
  <properties>
    <property name="java.specification.version" value="17"/>
    <property name="sun.jnu.encoding" value="UTF-8"/>
    <property name="java.class.path" value="/mnt/c/Users/fujiwara yuma/evaluation/Ekstazi/commonsCLI/workingDir/target/test-classes:/mnt/c/Users/fujiwara yuma/evaluation/Ekstazi/commonsCLI/workingDir/target/classes:/home/ym-fujwr/.m2/repository/org/junit/jupiter/junit-jupiter-api/5.10.0/junit-jupiter-api-5.10.0.jar:/home/ym-fujwr/.m2/repository/org/opentest4j/opentest4j/1.3.0/opentest4j-1.3.0.jar:/home/ym-fujwr/.m2/repository/org/junit/platform/junit-platform-commons/1.10.0/junit-platform-commons-1.10.0.jar:/home/ym-fujwr/.m2/repository/org/apiguardian/apiguardian-api/1.1.2/apiguardian-api-1.1.2.jar:/home/ym-fujwr/.m2/repository/org/junit/vintage/junit-vintage-engine/5.10.0/junit-vintage-engine-5.10.0.jar:/home/ym-fujwr/.m2/repository/org/junit/platform/junit-platform-engine/1.10.0/junit-platform-engine-1.10.0.jar:/home/ym-fujwr/.m2/repository/junit/junit/4.13.2/junit-4.13.2.jar:/home/ym-fujwr/.m2/repository/org/hamcrest/hamcrest-core/1.3/hamcrest-core-1.3.jar:"/>
    <property name="java.vm.vendor" value="Debian"/>
    <property name="sun.arch.data.model" value="64"/>
    <property name="java.vendor.url" value="https://tracker.debian.org/openjdk-17"/>
    <property name="os.name" value="Linux"/>
    <property name="java.vm.specification.version" value="17"/>
    <property name="rat.skip" value="true"/>
    <property name="sun.java.launcher" value="SUN_STANDARD"/>
    <property name="user.country" value="US"/>
    <property name="sun.boot.library.path" value="/usr/lib/jvm/java-17-openjdk-amd64/lib"/>
    <property name="sun.java.command" value="/mnt/c/Users/fujiwara yuma/evaluation/Ekstazi/commonsCLI/workingDir/target/surefire/surefirebooter-20231220143503199_3.jar /mnt/c/Users/fujiwara yuma/evaluation/Ekstazi/commonsCLI/workingDir/target/surefire 2023-12-20T14-35-03_071-jvmRun1 surefire-20231220143503199_1tmp surefire_0-20231220143503199_2tmp"/>
    <property name="jdk.debug" value="release"/>
    <property name="surefire.test.class.path" value="/mnt/c/Users/fujiwara yuma/evaluation/Ekstazi/commonsCLI/workingDir/target/test-classes:/mnt/c/Users/fujiwara yuma/evaluation/Ekstazi/commonsCLI/workingDir/target/classes:/home/ym-fujwr/.m2/repository/org/junit/jupiter/junit-jupiter-api/5.10.0/junit-jupiter-api-5.10.0.jar:/home/ym-fujwr/.m2/repository/org/opentest4j/opentest4j/1.3.0/opentest4j-1.3.0.jar:/home/ym-fujwr/.m2/repository/org/junit/platform/junit-platform-commons/1.10.0/junit-platform-commons-1.10.0.jar:/home/ym-fujwr/.m2/repository/org/apiguardian/apiguardian-api/1.1.2/apiguardian-api-1.1.2.jar:/home/ym-fujwr/.m2/repository/org/junit/vintage/junit-vintage-engine/5.10.0/junit-vintage-engine-5.10.0.jar:/home/ym-fujwr/.m2/repository/org/junit/platform/junit-platform-engine/1.10.0/junit-platform-engine-1.10.0.jar:/home/ym-fujwr/.m2/repository/junit/junit/4.13.2/junit-4.13.2.jar:/home/ym-fujwr/.m2/repository/org/hamcrest/hamcrest-core/1.3/hamcrest-core-1.3.jar:"/>
    <property name="sun.cpu.endian" value="little"/>
    <property name="user.home" value="/home/ym-fujwr"/>
    <property name="user.language" value="en"/>
    <property name="java.specification.vendor" value="Oracle Corporation"/>
    <property name="java.version.date" value="2023-01-17"/>
    <property name="java.home" value="/usr/lib/jvm/java-17-openjdk-amd64"/>
    <property name="file.separator" value="/"/>
    <property name="basedir" value="/mnt/c/Users/fujiwara yuma/evaluation/Ekstazi/commonsCLI/workingDir"/>
    <property name="java.vm.compressedOopsMode" value="Zero based"/>
    <property name="line.separator" value="&#10;"/>
    <property name="java.vm.specification.vendor" value="Oracle Corporation"/>
    <property name="java.specification.name" value="Java Platform API Specification"/>
    <property name="surefire.real.class.path" value="/mnt/c/Users/fujiwara yuma/evaluation/Ekstazi/commonsCLI/workingDir/target/surefire/surefirebooter-20231220143503199_3.jar"/>
    <property name="sun.management.compiler" value="HotSpot 64-Bit Tiered Compilers"/>
    <property name="java.runtime.version" value="17.0.6+10-Debian-1"/>
    <property name="user.name" value="ym-fujwr"/>
    <property name="path.separator" value=":"/>
    <property name="os.version" value="4.4.0-19041-Microsoft"/>
    <property name="java.runtime.name" value="OpenJDK Runtime Environment"/>
    <property name="file.encoding" value="UTF-8"/>
    <property name="java.vm.name" value="OpenJDK 64-Bit Server VM"/>
    <property name="localRepository" value="/home/ym-fujwr/.m2/repository"/>
    <property name="java.vendor.url.bug" value="https://bugs.debian.org/openjdk-17"/>
    <property name="java.io.tmpdir" value="/tmp"/>
    <property name="java.version" value="17.0.6"/>
    <property name="user.dir" value="/mnt/c/Users/fujiwara yuma/evaluation/Ekstazi/commonsCLI/workingDir"/>
    <property name="os.arch" value="amd64"/>
    <property name="java.vm.specification.name" value="Java Virtual Machine Specification"/>
    <property name="native.encoding" value="UTF-8"/>
    <property name="java.library.path" value="/usr/java/packages/lib:/usr/lib/x86_64-linux-gnu/jni:/lib/x86_64-linux-gnu:/usr/lib/x86_64-linux-gnu:/usr/lib/jni:/lib:/usr/lib"/>
    <property name="java.vm.info" value="mixed mode, sharing"/>
    <property name="java.vendor" value="Debian"/>
    <property name="java.vm.version" value="17.0.6+10-Debian-1"/>
    <property name="sun.io.unicode.encoding" value="UnicodeLittle"/>
    <property name="java.class.version" value="61.0"/>
  </properties>
  <testcase name="" classname="org.apache.commons.cli.DefaultParserTest" time="0.001"/>
  <testcase name="" classname="org.apache.commons.cli.DisablePartialMatchingTest" time="0.001"/>
  <testcase name="" classname="org.apache.commons.cli.GnuParserTest" time="0.001"/>
  <testcase name="" classname="org.apache.commons.cli.HelpFormatterTest" time="0.0"/>
  <testcase name="" classname="org.apache.commons.cli.OptionBuilderTest" time="0.0"/>
  <testcase name="" classname="org.apache.commons.cli.OptionGroupTest" time="0.001"/>
  <testcase name="" classname="org.apache.commons.cli.OptionsTest" time="0.0"/>
  <testcase name="" classname="org.apache.commons.cli.OptionTest" time="0.0"/>
  <testcase name="testSimplePattern" classname="org.apache.commons.cli.PatternOptionBuilderTest" time="0.043"/>
  <testcase name="testExistingFilePattern" classname="org.apache.commons.cli.PatternOptionBuilderTest" time="0.001"/>
  <testcase name="testURLPattern" classname="org.apache.commons.cli.PatternOptionBuilderTest" time="0.003">
    <system-err><![CDATA[Exception found converting v to desired type: Unable to parse the URL: foo://commons.apache.org
]]></system-err>
  </testcase>
  <testcase name="testEmptyPattern" classname="org.apache.commons.cli.PatternOptionBuilderTest" time="0.0"/>
  <testcase name="testClassPattern" classname="org.apache.commons.cli.PatternOptionBuilderTest" time="0.001">
    <system-err><![CDATA[Exception found converting d to desired type: Unable to find the class: System.DateTime
]]></system-err>
  </testcase>
  <testcase name="testRequiredOption" classname="org.apache.commons.cli.PatternOptionBuilderTest" time="0.004"/>
  <testcase name="testExistingFilePatternFileNotExist" classname="org.apache.commons.cli.PatternOptionBuilderTest" time="0.001">
    <system-err><![CDATA[Exception found converting f to desired type: Unable to find file: non-existing.file
]]></system-err>
  </testcase>
  <testcase name="testNumberPattern" classname="org.apache.commons.cli.PatternOptionBuilderTest" time="0.001">
    <system-err><![CDATA[Exception found converting x to desired type: For input string: "3,5"
]]></system-err>
  </testcase>
  <testcase name="testUntypedPattern" classname="org.apache.commons.cli.PatternOptionBuilderTest" time="0.0"/>
  <testcase name="testObjectPattern" classname="org.apache.commons.cli.PatternOptionBuilderTest" time="0.001">
    <system-err><![CDATA[Exception found converting i to desired type: java.lang.NoSuchMethodException; Unable to create an instance of: java.util.Calendar
Exception found converting n to desired type: Unable to find the class: System.DateTime
]]></system-err>
  </testcase>
</testsuite>