<?xml version="1.0" encoding="UTF-8"?>
<testsuite xmlns:xsi="http://www.w3.org/2001/XMLSchema-instance" xsi:noNamespaceSchemaLocation="https://maven.apache.org/surefire/maven-surefire-plugin/xsd/surefire-test-report.xsd" name="com.zaxxer.nuprocess.RunTest" time="2.645" tests="17" errors="0" skipped="0" failures="0">
  <properties>
    <property name="java.specification.version" value="17"/>
    <property name="sun.jnu.encoding" value="UTF-8"/>
    <property name="java.class.path" value="/mnt/c/Users/fujiwara yuma/evaluation/ALL/NuProcess/workingDir/target/test-classes:/mnt/c/Users/fujiwara yuma/evaluation/ALL/NuProcess/workingDir/target/classes:/home/ym-fujwr/.m2/repository/net/java/dev/jna/jna/5.11.0/jna-5.11.0.jar:/home/ym-fujwr/.m2/repository/junit/junit/4.13.2/junit-4.13.2.jar:/home/ym-fujwr/.m2/repository/org/hamcrest/hamcrest-core/1.3/hamcrest-core-1.3.jar:/home/ym-fujwr/.m2/repository/org/hamcrest/hamcrest/2.2/hamcrest-2.2.jar:"/>
    <property name="java.vm.vendor" value="Debian"/>
    <property name="sun.arch.data.model" value="64"/>
    <property name="java.vendor.url" value="https://tracker.debian.org/openjdk-17"/>
    <property name="os.name" value="Linux"/>
    <property name="java.vm.specification.version" value="17"/>
    <property name="rat.skip" value="true"/>
    <property name="sun.java.launcher" value="SUN_STANDARD"/>
    <property name="user.country" value="US"/>
    <property name="sun.boot.library.path" value="/usr/lib/jvm/java-17-openjdk-amd64/lib"/>
    <property name="sun.java.command" value="/mnt/c/Users/fujiwara yuma/evaluation/ALL/NuProcess/workingDir/target/surefire/surefirebooter7319280224613558145.jar /mnt/c/Users/fujiwara yuma/evaluation/ALL/NuProcess/workingDir/target/surefire 2023-12-14T15-52-03_152-jvmRun1 surefire11270216250176240788tmp surefire_08204219785138015649tmp"/>
    <property name="jdk.debug" value="release"/>
    <property name="surefire.test.class.path" value="/mnt/c/Users/fujiwara yuma/evaluation/ALL/NuProcess/workingDir/target/test-classes:/mnt/c/Users/fujiwara yuma/evaluation/ALL/NuProcess/workingDir/target/classes:/home/ym-fujwr/.m2/repository/net/java/dev/jna/jna/5.11.0/jna-5.11.0.jar:/home/ym-fujwr/.m2/repository/junit/junit/4.13.2/junit-4.13.2.jar:/home/ym-fujwr/.m2/repository/org/hamcrest/hamcrest-core/1.3/hamcrest-core-1.3.jar:/home/ym-fujwr/.m2/repository/org/hamcrest/hamcrest/2.2/hamcrest-2.2.jar:"/>
    <property name="sun.cpu.endian" value="little"/>
    <property name="user.home" value="/home/ym-fujwr"/>
    <property name="user.language" value="en"/>
    <property name="java.specification.vendor" value="Oracle Corporation"/>
    <property name="java.version.date" value="2023-01-17"/>
    <property name="java.home" value="/usr/lib/jvm/java-17-openjdk-amd64"/>
    <property name="file.separator" value="/"/>
    <property name="basedir" value="/mnt/c/Users/fujiwara yuma/evaluation/ALL/NuProcess/workingDir"/>
    <property name="java.vm.compressedOopsMode" value="Zero based"/>
    <property name="line.separator" value="&#10;"/>
    <property name="java.vm.specification.vendor" value="Oracle Corporation"/>
    <property name="java.specification.name" value="Java Platform API Specification"/>
    <property name="surefire.real.class.path" value="/mnt/c/Users/fujiwara yuma/evaluation/ALL/NuProcess/workingDir/target/surefire/surefirebooter7319280224613558145.jar"/>
    <property name="sun.management.compiler" value="HotSpot 64-Bit Tiered Compilers"/>
    <property name="java.runtime.version" value="17.0.6+10-Debian-1"/>
    <property name="user.name" value="ym-fujwr"/>
    <property name="path.separator" value=":"/>
    <property name="os.version" value="4.4.0-19041-Microsoft"/>
    <property name="java.runtime.name" value="OpenJDK Runtime Environment"/>
    <property name="file.encoding" value="UTF-8"/>
    <property name="java.vm.name" value="OpenJDK 64-Bit Server VM"/>
    <property name="localRepository" value="/home/ym-fujwr/.m2/repository"/>
    <property name="java.vendor.url.bug" value="https://bugs.debian.org/openjdk-17"/>
    <property name="java.io.tmpdir" value="/tmp"/>
    <property name="java.version" value="17.0.6"/>
    <property name="user.dir" value="/mnt/c/Users/fujiwara yuma/evaluation/ALL/NuProcess/workingDir"/>
    <property name="os.arch" value="amd64"/>
    <property name="java.vm.specification.name" value="Java Virtual Machine Specification"/>
    <property name="native.encoding" value="UTF-8"/>
    <property name="java.library.path" value="/usr/java/packages/lib:/usr/lib/x86_64-linux-gnu/jni:/lib/x86_64-linux-gnu:/usr/lib/x86_64-linux-gnu:/usr/lib/jni:/lib:/usr/lib"/>
    <property name="java.vm.info" value="mixed mode, sharing"/>
    <property name="java.vendor" value="Debian"/>
    <property name="java.vm.version" value="17.0.6+10-Debian-1"/>
    <property name="sun.io.unicode.encoding" value="UnicodeLittle"/>
    <property name="java.class.version" value="61.0"/>
  </properties>
  <testcase name="nullEnvironmentKeyViaConstructor" classname="com.zaxxer.nuprocess.RunTest" time="0.001"/>
  <testcase name="nullCommandViaCommandMutationWithRun" classname="com.zaxxer.nuprocess.RunTest" time="0.001"/>
  <testcase name="nullCommandViaConstructorWithStart" classname="com.zaxxer.nuprocess.RunTest" time="0.001"/>
  <testcase name="nullCommandViaCommandMutationWithStart" classname="com.zaxxer.nuprocess.RunTest" time="0.002"/>
  <testcase name="lotOfProcesses" classname="com.zaxxer.nuprocess.RunTest" time="0.351"/>
  <testcase name="decodingShortUtf8Data" classname="com.zaxxer.nuprocess.RunTest" time="0.015"/>
  <testcase name="nullEnvironmentValueViaConstructor" classname="com.zaxxer.nuprocess.RunTest" time="0.001"/>
  <testcase name="nullEnvironmentKeyViaEnvironmentMutation" classname="com.zaxxer.nuprocess.RunTest" time="0.001"/>
  <testcase name="badExit" classname="com.zaxxer.nuprocess.RunTest" time="0.261"/>
  <testcase name="lotOfData" classname="com.zaxxer.nuprocess.RunTest" time="1.659"/>
  <testcase name="nullCommandViaConstructorWithRun" classname="com.zaxxer.nuprocess.RunTest" time="0.001"/>
  <testcase name="softCloseStdinAfterWrite" classname="com.zaxxer.nuprocess.RunTest" time="0.015"/>
  <testcase name="decodingLongUtf8Data" classname="com.zaxxer.nuprocess.RunTest" time="0.035"/>
  <testcase name="noExecutableFound" classname="com.zaxxer.nuprocess.RunTest" time="0.005"/>
  <testcase name="callbackOrder" classname="com.zaxxer.nuprocess.RunTest" time="0.262"/>
  <testcase name="changeCwd" classname="com.zaxxer.nuprocess.RunTest" time="0.028"/>
  <testcase name="nullEnvironmentValueViaEnvironmentMutation" classname="com.zaxxer.nuprocess.RunTest" time="0.002"/>
</testsuite>