<?xml version="1.0" encoding="UTF-8"?>
<testsuite xmlns:xsi="http://www.w3.org/2001/XMLSchema-instance" xsi:noNamespaceSchemaLocation="https://maven.apache.org/surefire/maven-surefire-plugin/xsd/surefire-test-report-3.0.xsd" version="3.0" name="org.apache.commons.jxpath.ri.compiler.CoreFunctionTest" time="0.074" tests="5" errors="0" skipped="0" failures="0">
  <properties>
    <property name="java.specification.version" value="17"/>
    <property name="sun.jnu.encoding" value="UTF-8"/>
    <property name="java.class.path" value="/mnt/c/Users/fujiwara yuma/evaluation/ALL/commonsJXPATH/workingDir/target/test-classes:/mnt/c/Users/fujiwara yuma/evaluation/ALL/commonsJXPATH/workingDir/target/classes:/home/ym-fujwr/.m2/repository/javax/servlet/servlet-api/2.5/servlet-api-2.5.jar:/home/ym-fujwr/.m2/repository/javax/servlet/jsp-api/2.0/jsp-api-2.0.jar:/home/ym-fujwr/.m2/repository/junit/junit/4.13.2/junit-4.13.2.jar:/home/ym-fujwr/.m2/repository/org/hamcrest/hamcrest-core/1.3/hamcrest-core-1.3.jar:/home/ym-fujwr/.m2/repository/org/jdom/jdom/1.1.3/jdom-1.1.3.jar:/home/ym-fujwr/.m2/repository/commons-beanutils/commons-beanutils/1.9.4/commons-beanutils-1.9.4.jar:/home/ym-fujwr/.m2/repository/commons-logging/commons-logging/1.2/commons-logging-1.2.jar:/home/ym-fujwr/.m2/repository/commons-collections/commons-collections/3.2.2/commons-collections-3.2.2.jar:/home/ym-fujwr/.m2/repository/com/mockrunner/mockrunner-jdk1.3-j2ee1.3/0.4/mockrunner-jdk1.3-j2ee1.3-0.4.jar:/home/ym-fujwr/.m2/repository/jdom/jdom/1.0/jdom-1.0.jar:/home/ym-fujwr/.m2/repository/org/mockejb/mockejb/0.6-beta2/mockejb-0.6-beta2.jar:/home/ym-fujwr/.m2/repository/cglib/cglib-full/2.0.2/cglib-full-2.0.2.jar:/home/ym-fujwr/.m2/repository/xerces/xercesImpl/2.9.0/xercesImpl-2.9.0.jar:/home/ym-fujwr/.m2/repository/xml-apis/xml-apis/1.3.04/xml-apis-1.3.04.jar:"/>
    <property name="java.vm.vendor" value="Debian"/>
    <property name="sun.arch.data.model" value="64"/>
    <property name="java.vendor.url" value="https://tracker.debian.org/openjdk-17"/>
    <property name="os.name" value="Linux"/>
    <property name="java.vm.specification.version" value="17"/>
    <property name="rat.skip" value="true"/>
    <property name="sun.java.launcher" value="SUN_STANDARD"/>
    <property name="user.country" value="US"/>
    <property name="sun.boot.library.path" value="/usr/lib/jvm/java-17-openjdk-amd64/lib"/>
    <property name="sun.java.command" value="/mnt/c/Users/fujiwara yuma/evaluation/ALL/commonsJXPATH/workingDir/target/surefire/surefirebooter-20231213154422987_3.jar /mnt/c/Users/fujiwara yuma/evaluation/ALL/commonsJXPATH/workingDir/target/surefire 2023-12-13T15-44-22_850-jvmRun1 surefire-20231213154422987_1tmp surefire_0-20231213154422987_2tmp"/>
    <property name="jdk.debug" value="release"/>
    <property name="surefire.test.class.path" value="/mnt/c/Users/fujiwara yuma/evaluation/ALL/commonsJXPATH/workingDir/target/test-classes:/mnt/c/Users/fujiwara yuma/evaluation/ALL/commonsJXPATH/workingDir/target/classes:/home/ym-fujwr/.m2/repository/javax/servlet/servlet-api/2.5/servlet-api-2.5.jar:/home/ym-fujwr/.m2/repository/javax/servlet/jsp-api/2.0/jsp-api-2.0.jar:/home/ym-fujwr/.m2/repository/junit/junit/4.13.2/junit-4.13.2.jar:/home/ym-fujwr/.m2/repository/org/hamcrest/hamcrest-core/1.3/hamcrest-core-1.3.jar:/home/ym-fujwr/.m2/repository/org/jdom/jdom/1.1.3/jdom-1.1.3.jar:/home/ym-fujwr/.m2/repository/commons-beanutils/commons-beanutils/1.9.4/commons-beanutils-1.9.4.jar:/home/ym-fujwr/.m2/repository/commons-logging/commons-logging/1.2/commons-logging-1.2.jar:/home/ym-fujwr/.m2/repository/commons-collections/commons-collections/3.2.2/commons-collections-3.2.2.jar:/home/ym-fujwr/.m2/repository/com/mockrunner/mockrunner-jdk1.3-j2ee1.3/0.4/mockrunner-jdk1.3-j2ee1.3-0.4.jar:/home/ym-fujwr/.m2/repository/jdom/jdom/1.0/jdom-1.0.jar:/home/ym-fujwr/.m2/repository/org/mockejb/mockejb/0.6-beta2/mockejb-0.6-beta2.jar:/home/ym-fujwr/.m2/repository/cglib/cglib-full/2.0.2/cglib-full-2.0.2.jar:/home/ym-fujwr/.m2/repository/xerces/xercesImpl/2.9.0/xercesImpl-2.9.0.jar:/home/ym-fujwr/.m2/repository/xml-apis/xml-apis/1.3.04/xml-apis-1.3.04.jar:"/>
    <property name="sun.cpu.endian" value="little"/>
    <property name="user.home" value="/home/ym-fujwr"/>
    <property name="user.language" value="en"/>
    <property name="java.specification.vendor" value="Oracle Corporation"/>
    <property name="java.version.date" value="2023-01-17"/>
    <property name="java.home" value="/usr/lib/jvm/java-17-openjdk-amd64"/>
    <property name="file.separator" value="/"/>
    <property name="basedir" value="/mnt/c/Users/fujiwara yuma/evaluation/ALL/commonsJXPATH/workingDir"/>
    <property name="java.vm.compressedOopsMode" value="Zero based"/>
    <property name="line.separator" value="&#10;"/>
    <property name="java.vm.specification.vendor" value="Oracle Corporation"/>
    <property name="java.specification.name" value="Java Platform API Specification"/>
    <property name="surefire.real.class.path" value="/mnt/c/Users/fujiwara yuma/evaluation/ALL/commonsJXPATH/workingDir/target/surefire/surefirebooter-20231213154422987_3.jar"/>
    <property name="sun.management.compiler" value="HotSpot 64-Bit Tiered Compilers"/>
    <property name="java.runtime.version" value="17.0.6+10-Debian-1"/>
    <property name="user.name" value="ym-fujwr"/>
    <property name="path.separator" value=":"/>
    <property name="os.version" value="4.4.0-19041-Microsoft"/>
    <property name="java.runtime.name" value="OpenJDK Runtime Environment"/>
    <property name="file.encoding" value="UTF-8"/>
    <property name="java.vm.name" value="OpenJDK 64-Bit Server VM"/>
    <property name="localRepository" value="/home/ym-fujwr/.m2/repository"/>
    <property name="java.vendor.url.bug" value="https://bugs.debian.org/openjdk-17"/>
    <property name="java.io.tmpdir" value="/tmp"/>
    <property name="java.version" value="17.0.6"/>
    <property name="user.dir" value="/mnt/c/Users/fujiwara yuma/evaluation/ALL/commonsJXPATH/workingDir"/>
    <property name="os.arch" value="amd64"/>
    <property name="java.vm.specification.name" value="Java Virtual Machine Specification"/>
    <property name="native.encoding" value="UTF-8"/>
    <property name="java.library.path" value="/usr/java/packages/lib:/usr/lib/x86_64-linux-gnu/jni:/lib/x86_64-linux-gnu:/usr/lib/x86_64-linux-gnu:/usr/lib/jni:/lib:/usr/lib"/>
    <property name="java.vm.info" value="mixed mode, sharing"/>
    <property name="java.vendor" value="Debian"/>
    <property name="java.vm.version" value="17.0.6+10-Debian-1"/>
    <property name="sun.io.unicode.encoding" value="UnicodeLittle"/>
    <property name="java.class.version" value="61.0"/>
  </properties>
  <testcase name="testIDFunction" classname="org.apache.commons.jxpath.ri.compiler.CoreFunctionTest" time="0.012"/>
  <testcase name="testExtendedKeyFunction" classname="org.apache.commons.jxpath.ri.compiler.CoreFunctionTest" time="0.015"/>
  <testcase name="testKeyFunction" classname="org.apache.commons.jxpath.ri.compiler.CoreFunctionTest" time="0.007"/>
  <testcase name="testFormatNumberFunction" classname="org.apache.commons.jxpath.ri.compiler.CoreFunctionTest" time="0.024"/>
  <testcase name="testCoreFunctions" classname="org.apache.commons.jxpath.ri.compiler.CoreFunctionTest" time="0.015"/>
</testsuite>