<?xml version="1.0" encoding="UTF-8"?>
<testsuite xmlns:xsi="http://www.w3.org/2001/XMLSchema-instance" xsi:noNamespaceSchemaLocation="https://maven.apache.org/surefire/maven-surefire-plugin/xsd/surefire-test-report-3.0.xsd" version="3.0" name="com.fasterxml.jackson.dataformat.xml.lists.UnwrappedPolymorphicList490Test" time="0.005" tests="1" errors="0" skipped="0" failures="0">
  <properties>
    <property name="java.specification.version" value="17"/>
    <property name="sun.jnu.encoding" value="UTF-8"/>
    <property name="java.class.path" value="/mnt/c/Users/fujiwara yuma/evaluation/ALL/jacksonXML/workingDir/target/test-classes:/mnt/c/Users/fujiwara yuma/evaluation/ALL/jacksonXML/workingDir/target/classes:/home/ym-fujwr/.m2/repository/com/fasterxml/jackson/core/jackson-core/2.17.0-SNAPSHOT/jackson-core-2.17.0-SNAPSHOT.jar:/home/ym-fujwr/.m2/repository/com/fasterxml/jackson/core/jackson-annotations/2.17.0-SNAPSHOT/jackson-annotations-2.17.0-SNAPSHOT.jar:/home/ym-fujwr/.m2/repository/com/fasterxml/jackson/core/jackson-databind/2.17.0-SNAPSHOT/jackson-databind-2.17.0-SNAPSHOT.jar:/home/ym-fujwr/.m2/repository/net/bytebuddy/byte-buddy/1.14.9/byte-buddy-1.14.9.jar:/home/ym-fujwr/.m2/repository/org/codehaus/woodstox/stax2-api/4.2.1/stax2-api-4.2.1.jar:/home/ym-fujwr/.m2/repository/com/fasterxml/woodstox/woodstox-core/6.5.1/woodstox-core-6.5.1.jar:/home/ym-fujwr/.m2/repository/com/fasterxml/jackson/module/jackson-module-jakarta-xmlbind-annotations/2.17.0-SNAPSHOT/jackson-module-jakarta-xmlbind-annotations-2.17.0-SNAPSHOT.jar:/home/ym-fujwr/.m2/repository/jakarta/activation/jakarta.activation-api/2.1.0/jakarta.activation-api-2.1.0.jar:/home/ym-fujwr/.m2/repository/jakarta/xml/bind/jakarta.xml.bind-api/3.0.1/jakarta.xml.bind-api-3.0.1.jar:/home/ym-fujwr/.m2/repository/com/sun/activation/jakarta.activation/2.0.1/jakarta.activation-2.0.1.jar:/home/ym-fujwr/.m2/repository/com/sun/xml/stream/sjsxp/1.0.2/sjsxp-1.0.2.jar:/home/ym-fujwr/.m2/repository/javax/xml/stream/stax-api/1.0/stax-api-1.0.jar:/home/ym-fujwr/.m2/repository/junit/junit/4.13.2/junit-4.13.2.jar:/home/ym-fujwr/.m2/repository/org/hamcrest/hamcrest-core/1.3/hamcrest-core-1.3.jar:"/>
    <property name="java.vm.vendor" value="Debian"/>
    <property name="sun.arch.data.model" value="64"/>
    <property name="java.vendor.url" value="https://tracker.debian.org/openjdk-17"/>
    <property name="user.timezone" value="Asia/Tokyo"/>
    <property name="os.name" value="Linux"/>
    <property name="java.vm.specification.version" value="17"/>
    <property name="rat.skip" value="true"/>
    <property name="sun.java.launcher" value="SUN_STANDARD"/>
    <property name="user.country" value="US"/>
    <property name="sun.boot.library.path" value="/usr/lib/jvm/java-17-openjdk-amd64/lib"/>
    <property name="sun.java.command" value="/mnt/c/Users/fujiwara yuma/evaluation/ALL/jacksonXML/workingDir/target/surefire/surefirebooter-20231214141118020_3.jar /mnt/c/Users/fujiwara yuma/evaluation/ALL/jacksonXML/workingDir/target/surefire 2023-12-14T14-11-17_872-jvmRun1 surefire-20231214141118020_1tmp surefire_0-20231214141118020_2tmp"/>
    <property name="jdk.debug" value="release"/>
    <property name="surefire.test.class.path" value="/mnt/c/Users/fujiwara yuma/evaluation/ALL/jacksonXML/workingDir/target/test-classes:/mnt/c/Users/fujiwara yuma/evaluation/ALL/jacksonXML/workingDir/target/classes:/home/ym-fujwr/.m2/repository/com/fasterxml/jackson/core/jackson-core/2.17.0-SNAPSHOT/jackson-core-2.17.0-SNAPSHOT.jar:/home/ym-fujwr/.m2/repository/com/fasterxml/jackson/core/jackson-annotations/2.17.0-SNAPSHOT/jackson-annotations-2.17.0-SNAPSHOT.jar:/home/ym-fujwr/.m2/repository/com/fasterxml/jackson/core/jackson-databind/2.17.0-SNAPSHOT/jackson-databind-2.17.0-SNAPSHOT.jar:/home/ym-fujwr/.m2/repository/net/bytebuddy/byte-buddy/1.14.9/byte-buddy-1.14.9.jar:/home/ym-fujwr/.m2/repository/org/codehaus/woodstox/stax2-api/4.2.1/stax2-api-4.2.1.jar:/home/ym-fujwr/.m2/repository/com/fasterxml/woodstox/woodstox-core/6.5.1/woodstox-core-6.5.1.jar:/home/ym-fujwr/.m2/repository/com/fasterxml/jackson/module/jackson-module-jakarta-xmlbind-annotations/2.17.0-SNAPSHOT/jackson-module-jakarta-xmlbind-annotations-2.17.0-SNAPSHOT.jar:/home/ym-fujwr/.m2/repository/jakarta/activation/jakarta.activation-api/2.1.0/jakarta.activation-api-2.1.0.jar:/home/ym-fujwr/.m2/repository/jakarta/xml/bind/jakarta.xml.bind-api/3.0.1/jakarta.xml.bind-api-3.0.1.jar:/home/ym-fujwr/.m2/repository/com/sun/activation/jakarta.activation/2.0.1/jakarta.activation-2.0.1.jar:/home/ym-fujwr/.m2/repository/com/sun/xml/stream/sjsxp/1.0.2/sjsxp-1.0.2.jar:/home/ym-fujwr/.m2/repository/javax/xml/stream/stax-api/1.0/stax-api-1.0.jar:/home/ym-fujwr/.m2/repository/junit/junit/4.13.2/junit-4.13.2.jar:/home/ym-fujwr/.m2/repository/org/hamcrest/hamcrest-core/1.3/hamcrest-core-1.3.jar:"/>
    <property name="sun.cpu.endian" value="little"/>
    <property name="user.home" value="/home/ym-fujwr"/>
    <property name="user.language" value="en"/>
    <property name="java.specification.vendor" value="Oracle Corporation"/>
    <property name="java.version.date" value="2023-01-17"/>
    <property name="java.home" value="/usr/lib/jvm/java-17-openjdk-amd64"/>
    <property name="file.separator" value="/"/>
    <property name="basedir" value="/mnt/c/Users/fujiwara yuma/evaluation/ALL/jacksonXML/workingDir"/>
    <property name="java.vm.compressedOopsMode" value="Zero based"/>
    <property name="line.separator" value="&#10;"/>
    <property name="java.vm.specification.vendor" value="Oracle Corporation"/>
    <property name="java.specification.name" value="Java Platform API Specification"/>
    <property name="surefire.real.class.path" value="/mnt/c/Users/fujiwara yuma/evaluation/ALL/jacksonXML/workingDir/target/surefire/surefirebooter-20231214141118020_3.jar"/>
    <property name="sun.management.compiler" value="HotSpot 64-Bit Tiered Compilers"/>
    <property name="java.runtime.version" value="17.0.6+10-Debian-1"/>
    <property name="user.name" value="ym-fujwr"/>
    <property name="path.separator" value=":"/>
    <property name="os.version" value="4.4.0-19041-Microsoft"/>
    <property name="java.runtime.name" value="OpenJDK Runtime Environment"/>
    <property name="file.encoding" value="UTF-8"/>
    <property name="java.vm.name" value="OpenJDK 64-Bit Server VM"/>
    <property name="localRepository" value="/home/ym-fujwr/.m2/repository"/>
    <property name="java.vendor.url.bug" value="https://bugs.debian.org/openjdk-17"/>
    <property name="java.io.tmpdir" value="/tmp"/>
    <property name="java.version" value="17.0.6"/>
    <property name="user.dir" value="/mnt/c/Users/fujiwara yuma/evaluation/ALL/jacksonXML/workingDir"/>
    <property name="os.arch" value="amd64"/>
    <property name="java.vm.specification.name" value="Java Virtual Machine Specification"/>
    <property name="native.encoding" value="UTF-8"/>
    <property name="java.library.path" value="/usr/java/packages/lib:/usr/lib/x86_64-linux-gnu/jni:/lib/x86_64-linux-gnu:/usr/lib/x86_64-linux-gnu:/usr/lib/jni:/lib:/usr/lib"/>
    <property name="java.vm.info" value="mixed mode, sharing"/>
    <property name="java.vendor" value="Debian"/>
    <property name="java.vm.version" value="17.0.6+10-Debian-1"/>
    <property name="sun.io.unicode.encoding" value="UnicodeLittle"/>
    <property name="java.class.version" value="61.0"/>
  </properties>
  <testcase name="testPolymorphicUnwrappedList490" classname="com.fasterxml.jackson.dataformat.xml.lists.UnwrappedPolymorphicList490Test" time="0.004"/>
</testsuite>